Performing C SOURCE FILE Test CMAKE_HAVE_LIBC_PTHREAD failed with the following output:
Change Dir: /home/moyu/learn_slam/homework/ch6/ceres/CMakeFiles/CMakeTmp

Run Build Command(s):/usr/bin/make -f Makefile cmTC_e4cea/fast && make[1]: Entering directory '/home/moyu/learn_slam/homework/ch6/ceres/CMakeFiles/CMakeTmp'
/usr/bin/make  -f CMakeFiles/cmTC_e4cea.dir/build.make CMakeFiles/cmTC_e4cea.dir/build
make[2]: Entering directory '/home/moyu/learn_slam/homework/ch6/ceres/CMakeFiles/CMakeTmp'
Building C object CMakeFiles/cmTC_e4cea.dir/src.c.o
/usr/local/bin/cc -DCMAKE_HAVE_LIBC_PTHREAD   -o CMakeFiles/cmTC_e4cea.dir/src.c.o -c /home/moyu/learn_slam/homework/ch6/ceres/CMakeFiles/CMakeTmp/src.c
Linking C executable cmTC_e4cea
/usr/local/bin/cmake -E cmake_link_script CMakeFiles/cmTC_e4cea.dir/link.txt --verbose=1
/usr/local/bin/cc CMakeFiles/cmTC_e4cea.dir/src.c.o -o cmTC_e4cea 
/usr/bin/ld: CMakeFiles/cmTC_e4cea.dir/src.c.o: in function `main':
src.c:(.text+0x46): undefined reference to `pthread_create'
/usr/bin/ld: src.c:(.text+0x52): undefined reference to `pthread_detach'
/usr/bin/ld: src.c:(.text+0x5e): undefined reference to `pthread_cancel'
/usr/bin/ld: src.c:(.text+0x6f): undefined reference to `pthread_join'
collect2: error: ld returned 1 exit status
make[2]: *** [CMakeFiles/cmTC_e4cea.dir/build.make:99: cmTC_e4cea] Error 1
make[2]: Leaving directory '/home/moyu/learn_slam/homework/ch6/ceres/CMakeFiles/CMakeTmp'
make[1]: *** [Makefile:127: cmTC_e4cea/fast] Error 2
make[1]: Leaving directory '/home/moyu/learn_slam/homework/ch6/ceres/CMakeFiles/CMakeTmp'


Source file was:
#include <pthread.h>

static void* test_func(void* data)
{
  return data;
}

int main(void)
{
  pthread_t thread;
  pthread_create(&thread, NULL, test_func, NULL);
  pthread_detach(thread);
  pthread_cancel(thread);
  pthread_join(thread, NULL);
  pthread_atfork(NULL, NULL, NULL);
  pthread_exit(NULL);

  return 0;
}

Determining if the function pthread_create exists in the pthreads failed with the following output:
Change Dir: /home/moyu/learn_slam/homework/ch6/ceres/CMakeFiles/CMakeTmp

Run Build Command(s):/usr/bin/make -f Makefile cmTC_b54ff/fast && make[1]: Entering directory '/home/moyu/learn_slam/homework/ch6/ceres/CMakeFiles/CMakeTmp'
/usr/bin/make  -f CMakeFiles/cmTC_b54ff.dir/build.make CMakeFiles/cmTC_b54ff.dir/build
make[2]: Entering directory '/home/moyu/learn_slam/homework/ch6/ceres/CMakeFiles/CMakeTmp'
Building C object CMakeFiles/cmTC_b54ff.dir/CheckFunctionExists.c.o
/usr/local/bin/cc   -DCHECK_FUNCTION_EXISTS=pthread_create -o CMakeFiles/cmTC_b54ff.dir/CheckFunctionExists.c.o -c /usr/local/share/cmake-3.23/Modules/CheckFunctionExists.c
Linking C executable cmTC_b54ff
/usr/local/bin/cmake -E cmake_link_script CMakeFiles/cmTC_b54ff.dir/link.txt --verbose=1
/usr/local/bin/cc  -DCHECK_FUNCTION_EXISTS=pthread_create CMakeFiles/cmTC_b54ff.dir/CheckFunctionExists.c.o -o cmTC_b54ff  -lpthreads 
/usr/bin/ld: cannot find -lpthreads
collect2: error: ld returned 1 exit status
make[2]: *** [CMakeFiles/cmTC_b54ff.dir/build.make:99: cmTC_b54ff] Error 1
make[2]: Leaving directory '/home/moyu/learn_slam/homework/ch6/ceres/CMakeFiles/CMakeTmp'
make[1]: *** [Makefile:127: cmTC_b54ff/fast] Error 2
make[1]: Leaving directory '/home/moyu/learn_slam/homework/ch6/ceres/CMakeFiles/CMakeTmp'



